OSGeo/GDAL for Python not installed, overlay plots are not enabled
amp: 42.12111318
Total catchment area (km2): 2500.0
Elevation interpolated onto elements
(7103,)
[1764.9796694  1667.11706874 1370.87195039 ... 1595.89305048 1146.84664923
 1131.18513982]
398.90536122856474
1908.5271712088645
AREAS by elevation bin:
[  2.16328072  72.04232963  80.4608269   94.78601713 109.05650147
 121.9836687  137.16466984 150.96709599 164.09901381 177.76456242
 193.05874728 204.68160833 220.60291283 234.42293741 248.97524348
 262.21497359]
Density: [0.00114458 0.00293246 0.00661416 0.01313324 0.02295744 0.03532886
 0.04786196 0.0570829  0.05993442 0.0553989  0.04507967 0.03229349
 0.02036591 0.011307   0.00552644 0.00237793]
Moulins per bin: [0 0 0 1 2 4 6 8 9 9 8 6 4 2 1 0]
Total moulins: 60
[ 666  901  908 1169 1197 1328 1426 1470 1496 1553 1593 1672 1702 1707
 1710 1713 1722 1783 1785 1917 1937 1975 1977 2042 2053 2058 2104 2137
 2150 2173 2244 2253 2345 2357 2381 2386 2548 2549 2553 2574 2618 2620
 2652 2668 2788 2808 2826 2879 2881 3001 3015 3076 3150 3248 3288 3432
 3488 3644 3648 3650]
1.032570299061604
elx.shape (7103,)
dx.shape: (7103, 60)
Catchment nums: [ 0  2 11 ...  3 57 57]
(7103,)
WARNING: All penalized elevations are inf
Outlets: [1077  968  946 1227 1303 1422 1393 1488 1700 1579 2004 1840 1705 2007
 1897 2162 2013 1955 2031 1930 2382 2087 3637 2201 2180 1922 2125 2397
 2248 2323 2483 2367 2410 2428 2458 2475 2760 2634 2768 2608 2621 2804
 2656 3037 2856 3039 2691 3114 3115 3661 3122 3184 3684 3138 3412 3546
 3411 2546 2742 2737]
Moulin distances: 977.9879944345373
Number of catchment elements: 6753
Number of elements below 5 km: 350
Total number of elements: 7103
