OSGeo/GDAL for Python not installed, overlay plots are not enabled
amp: 42.12111318
Total catchment area (km2): 13214.923272623493
Elevation interpolated onto elements
(9321,)
[933.92668391 933.01624898 929.47641625 ... 964.00594491 936.7306724
 928.60548512]
180.5905072653095
2504.198501228922
AREAS by elevation bin:
[0.00000000e+00 4.56078023e-01 6.31184026e+00 2.24031100e+01
 4.63906070e+01 6.03255755e+01 6.88799896e+01 1.07643263e+02
 1.40688918e+02 2.21176023e+02 3.59835716e+02 4.17460917e+02
 5.77568603e+02 5.87292056e+02 7.10955621e+02 8.16163697e+02
 8.10322931e+02 8.35919720e+02 9.15882436e+02 1.09641499e+03
 1.17024305e+03 1.22461800e+03 1.20357120e+03 9.47154483e+02
 8.53788842e+02 1.34556067e+01 0.00000000e+00 0.00000000e+00
 0.00000000e+00 0.00000000e+00]
Density: [3.16818308e-05 1.18969015e-04 3.93289295e-04 1.14457709e-03
 2.93246362e-03 6.61416281e-03 1.31332373e-02 2.29574351e-02
 3.53288582e-02 4.78619623e-02 5.70829045e-02 5.99344174e-02
 5.53989044e-02 4.50796698e-02 3.22934868e-02 2.03659098e-02
 1.13069990e-02 5.52644125e-03 2.37792648e-03 9.00753483e-04
 3.00378013e-04 8.81830253e-05 2.27906394e-05 5.18540509e-06
 1.03863638e-06 1.83146674e-07 2.84308081e-08 3.88538478e-09
 4.67448239e-10 4.95094024e-11]
Moulins per bin: [ 0  0  0  0  0  0  0  2  4 10 20 25 31 26 22 16  9  4  2  0  0  0  0  0
  0  0  0  0  0  0]
Total moulins: 171
[ 486  518  525  541  546  559  577  581  600  608  639  662  666  676
  687  723  755  770  778  794  806  840  845  917  937  951  994 1016
 1044 1064 1101 1113 1122 1171 1176 1212 1235 1250 1256 1292 1299 1312
 1321 1458 1469 1495 1498 1517 1527 1539 1556 1618 1629 1632 1652 1655
 1662 1721 1751 1795 1865 1866 1870 1896 1899 1918 1930 1943 1951 1978
 1983 1984 2004 2005 2010 2024 2034 2075 2076 2165 2188 2208 2223 2263
 2274 2322 2340 2392 2404 2414 2438 2521 2524 2536 2582 2598 2602 2609
 2629 2642 2662 2663 2673 2678 2682 2726 2727 2756 2775 2808 2810 2846
 2860 2868 2872 2906 2973 2979 3007 3013 3081 3095 3133 3150 3199 3205
 3216 3234 3272 3291 3301 3314 3364 3429 3441 3497 3502 3552 3567 3606
 3680 3695 3723 3729 3750 3973 4060 4062 4096 4110 4150 4167 4169 4177
 4204 4207 4280 4323 4419 4424 4443 4465 4473 4503 4569 4611 4633 4769
 4802 4830 4868]
1.3260943708908979
elx.shape (9321,)
dx.shape: (9321, 171)
Catchment nums: [135 135 135 ... 135 135 135]
(9321,)
WARNING: All penalized elevations are inf
WARNING: All penalized elevations are inf
WARNING: All penalized elevations are inf
WARNING: All penalized elevations are inf
Outlets: [1795 3445 2682 2369 2711  492 4652  541 2229  614 3775 2772 3295 2673
 4119 2811 1254  657 2249 1101  514 1582 2198 2758  709 2588 1360 3052
 4571 4529 2172  732 1977 2459 2038 1170 2079 4355 2732  865 2351 1674
 1321 1175  819 3690  904 3870 2472 2393 2936 1398  507  707 4143 1102
 1787 2449 2641  474 2500 4075 2660 1836 2896  486 4418  767  617  896
 2809 1688  554 1600 2777 1715 1755 1006 1702  796  864 1115 1976 2629
 3692 3627 1630 2169 1488  530  934 1957  693  481 1369 2063 1476 2394
 1735  513 1330  943 1807  974 1420 2869 2997 2320 2791 2705 4131 2036
 2465 1188 4014 3931 4224 1724 1058 3423 4728 2813 2095 4158 2145 3097
 3975  537 4123 2007 1062 2103 1386 3215 3586 1315 1658 4585 3783 2628
 2019 3564 3514 1613 2730 1134 1443 4765 1440 4354 1467 2526 1709 3184
 2865 3839 2325 1534 3386 4870 4249 3266 2190  827 2365 2844 3679 3480
 2315 3277 2612]
Moulin distances: 972.6916564095837
Rectangle(xy=(-233.014, -2555.47), width=159.115, height=78.8719, angle=0)
<matplotlib.collections.PatchCollection object at 0x7f702ebc48d0>
Number of catchment elements: 7338
Total number of elements: 9321
Number of elements below threshold: 1983
Residual: 0
