Job 1
Job 2
Job 3
Job 4
Job 5
Job 6
Job 7
Job 8
Job 9
Job 10
Job 11
Job 12
Job 13
Job 14
Job 15
Job 16
Job 17
Job 18
Job 19
Job 20
Job 21
Job 22
Job 23
Job 24
Job 25
Job 26
Job 27
Job 28
Job 29
Job 30
Job 31
Job 32
Job 33
Job 34
Job 35
Job 36
Job 37
Job 38
Job 39
Job 40
Job 41
Job 42
Job 43
Job 44
Job 45
Job 46
Job 47
Job 48
Job 49
Job 50
Job 51
Job 52
Job 53
Job 54
Job 55
Job 56
Job 57
Job 58
Job 59
Job 60
Job 61
Job 62
Job 63
Job 64
Job 65
Job 66
Job 67
Job 68
Job 69
Job 70
Job 71
Job 72
Job 73
Job 74
Job 75
Job 76
Job 77
Job 78
Job 79
Job 80
Job 81
Job 82
Job 83
Job 84
Job 85
Job 86
Job 87
Job 88
Job 89
Job 90
Job 91
Job 92
Job 93
Job 94
Job 95
Job 96
Job 97
Job 98
Job 99
Job 100
Job 101
Job 102
Job 103
Job 104
Job 105
Job 106
Job 107
Job 108
Job 109
Job 110
Job 111
Job 112
Job 113
Job 114
Job 115
Job 116
Job 117
Job 118
Job 119
Job 120
Job 121
Job 122
Job 123
Job 124
Job 125
Job 126
Job 127
Job 128
Job 129
Job 130
Job 131
Job 132
Job 133
Job 134
Job 135
Job 136
Job 137
Job 138
Job 139
Job 140
Job 141
Job 142
Job 143
Job 144
Job 145
Job 146
Job 147
Job 148
Job 149
Job 150
Job 151
Job 152
Job 153
Job 154
Job 155
Job 156
Job 157
Job 158
Job 159
Job 160
Job 161
Job 162
Job 163
Job 164
Job 165
Job 166
Job 167
Job 168
Job 169
Job 170
Job 171
Job 172
Job 173
Job 174
Job 175
Job 176
Job 177
Job 178
Job 179
Job 180
Job 181
Job 182
Job 183
Job 184
Job 185
Job 186
Job 187
Job 188
Job 189
Job 190
Job 191
Job 192
Job 193
Job 194
Job 195
Job 196
Job 197
Job 198
Job 199
Job 200
Job 201
Job 202
Job 203
Job 204
Job 205
Job 206
Job 207
Job 208
Job 209
Job 210
Job 211
Job 212
Job 213
Job 214
Job 215
Job 216
Job 217
Job 218
Job 219
Job 220
Job 221
Job 222
Job 223
Job 224
Job 225
Job 226
Job 227
Job 228
Job 229
Job 230
Job 231
Job 232
Job 233
Job 234
Job 235
Job 236
Job 237
Job 238
Job 239
Job 240
Job 241
Job 242
Job 243
Job 244
Job 245
Job 246
Job 247
Job 248
Job 249
Job 250
Job 251
Job 252
Job 253
Job 254
Job 255
Job 256
Job 257
Job 258
Job 259
Job 260
Job 261
Job 262
Job 263
Job 264
Job 265
Job 266
Job 267
Job 268
Job 269
Job 270
Job 271
Job 272
Job 273
Job 274
Job 275
Job 276
Job 277
Job 278
Job 279
Job 280
Job 281
Job 282
Job 283
Job 284
Job 285
Job 286
Job 287
Job 288
Job 289
Job 290
Job 291
Job 292
Job 293
Job 294
Job 295
Job 296
Job 297
Job 298
Job 299
Job 300
Job 301
Job 302
Job 303
Job 304
Job 305
Job 306
Job 307
Job 308
Job 309
Job 310
Job 311
Job 312
Job 313
Job 314
Job 315
Job 316
Job 317
Job 318
Job 319
Job 320
Job 321
Job 322
Job 323
Job 324
Job 325
Job 326
Job 327
Job 328
Job 329
Job 330
Job 331
Job 332
Job 333
Job 334
Job 335
Job 336
Job 337
Job 338
Job 339
Job 340
Job 341
Job 342
Job 343
Job 344
Job 345
Job 346
Job 347
Job 348
Job 349
Job 350
Job 351
Job 352
Job 353
Job 354
Job 355
Job 356
Job 357
Job 358
Job 359
Job 360
Job 361
Job 362
Job 363
Job 364
Job 365
Job 366
Job 367
Job 368
Job 369
Job 370
Job 371
Job 372
Job 373
Job 374
Job 375
Job 376
Job 377
Job 378
Job 379
Job 380
Job 381
Job 382
Job 383
Job 384
Job 385
Job 386
Job 387
Job 388
Job 389
Job 390
Job 391
Job 392
Job 393
Job 394
Job 395
Job 396
Job 397
Job 398
Job 399
Job 400
Job 401
Job 402
Job 403
Job 404
Job 405
Job 406
Job 407
Job 408
Job 409
Job 410
Job 411
Job 412
Job 413
Job 414
Job 415
Job 416
Job 417
Job 418
Job 419
Job 420
Job 421
Job 422
Job 423
Job 424
Job 425
Job 426
Job 427
Job 428
Job 429
Job 430
Job 431
Job 432
Job 433
Job 434
Job 435
Job 436
Job 437
Job 438
Job 439
Job 440
Job 441
Job 442
Job 443
Job 444
Job 445
Job 446
Job 447
Job 448
Job 449
Job 450
Job 451
Job 452
Job 453
Job 454
Job 455
Job 456
Job 457
Job 458
Job 459
Job 460
Job 461
Job 462
Job 463
Job 464
Job 465
Job 466
Job 467
Job 468
Job 469
Job 470
Job 471
Job 472
Job 473
Job 474
Job 475
Job 476
Job 477
Job 478
Job 479
Job 480
Job 481
Job 482
Job 483
Job 484
Job 485
Job 486
Job 487
Job 488
Job 489
Job 490
Job 491
Job 492
Job 493
Job 494
Job 495
Job 496
Job 497
Job 498
Job 499
Job 500
Job 501
Job 502
Job 503
Job 504
Job 505
Job 506
Job 507
Job 508
Job 509
Job 510
Job 511
Job 512
